<?xml version="1.0" encoding="UTF-8"?>
<testsuite name="TreeTest" tests="3" skipped="0" failures="0" errors="0" timestamp="2024-02-10T05:57:58" hostname="DESKTOP-PS09NIH" time="0.026">
  <properties/>
  <testcase name="testBfsIterator()" classname="TreeTest" time="0.018"/>
  <testcase name="testDfsIterator()" classname="TreeTest" time="0.001"/>
  <testcase name="testEquality()" classname="TreeTest" time="0.005"/>
  <system-out><![CDATA[]]></system-out>
  <system-err><![CDATA[]]></system-err>
</testsuite>
